<?xml version="1.0" encoding="UTF-8"?>
<!-- Generated by org.testng.reporters.JUnitXMLReporter -->
<testsuite ignored="0" hostname="SRIKANTH" failures="1" tests="1" name="chrometest" time="0.031" errors="0" timestamp="2023-02-01T12:45:10 IST">
  <testcase classname="Grid.sample_grid" name="logintest" time="0.0">
    <failure type="org.testng.TestNGException" message="
Parameter &amp;apos;Browser&amp;apos; is required by @Test on method logintest but has not been marked @Optional or defined
in C:\Selenium Project\seleniumproject\grid.xml">
      <![CDATA[org.testng.TestNGException: 
Parameter 'Browser' is required by @Test on method logintest but has not been marked @Optional or defined
in C:\Selenium Project\seleniumproject\grid.xml
at java.base/java.util.ArrayList.forEach(ArrayList.java:1511)
... Removed 26 stack frames]]>
    </failure>
  </testcase> <!-- logintest -->
</testsuite> <!-- chrometest -->
